[01/Oct/2022:01:22:35] (I): WordPress Instance Info:
[01/Oct/2022:01:22:35] (I): Home URL : http://dkfulpcodingclassroom.local
[01/Oct/2022:01:22:35] (I): Site URL : http://dkfulpcodingclassroom.local
[01/Oct/2022:01:22:35] (I): WordPress Version : 6.0.2
[01/Oct/2022:01:22:35] (I): Onboarding Version : 1.1.26
[01/Oct/2022:01:22:35] (I): Multisite : No
[01/Oct/2022:01:22:35] (I): Server Info : nginx/1.16.0
[01/Oct/2022:01:22:35] (I): PHP Version : 7.4.1
[01/Oct/2022:01:22:35] (I): HTTPS : No
[01/Oct/2022:01:22:35] (I): PHP Max Execution Time : 1200
[01/Oct/2022:01:22:35] (I): PHP Max Input Vars : 4000
[01/Oct/2022:01:22:35] (I): Max Upload Size : 314572800
[01/Oct/2022:01:22:35] (I): Plugins:
[01/Oct/2022:01:22:35] (I): [PLUGIN] Templates Patterns Collection : v1.1.26 (ThemeIsle)
[01/Oct/2022:01:22:35] (P): Saving remote XML
[01/Oct/2022:01:22:35] (S): Saved remote XML at path /Users/dkfulp/Local Sites/dkfulpcodingclassroom/app/public/wp-content/uploads/themeisle-demo-import.xml.
[01/Oct/2022:01:22:35] (P): Starting content import...
[01/Oct/2022:01:22:35] (S): Import started.
[01/Oct/2022:01:22:35] (S): Parsing XML file.
[01/Oct/2022:01:22:35] (P): Starting parsing file:/Users/dkfulp/Local Sites/dkfulpcodingclassroom/app/public/wp-content/uploads/themeisle-demo-import.xml
[01/Oct/2022:01:22:35] (P): Using WXR_Parser_SimpleXML...
[01/Oct/2022:01:22:35] (S): Parsed XML
[01/Oct/2022:01:22:35] (P): Processing categories...
[01/Oct/2022:01:22:35] (S): Processed categories.
[01/Oct/2022:01:22:35] (P): Processing tags...
[01/Oct/2022:01:22:35] (S): Processed tags.
[01/Oct/2022:01:22:35] (P): Processing terms...
[01/Oct/2022:01:22:35] (W): Failed to import product_tag adventure
[01/Oct/2022:01:22:35] (E): Invalid taxonomy.
[01/Oct/2022:01:22:35] (W): Failed to import pa_color Blue
[01/Oct/2022:01:22:35] (E): Invalid taxonomy.
[01/Oct/2022:01:22:35] (W): Failed to import product_cat Clothing
[01/Oct/2022:01:22:35] (E): Invalid taxonomy.
[01/Oct/2022:01:22:35] (W): Failed to import product_cat Decor
[01/Oct/2022:01:22:35] (E): Invalid taxonomy.
[01/Oct/2022:01:22:35] (W): Failed to import product_visibility exclude-from-catalog
[01/Oct/2022:01:22:35] (E): Invalid taxonomy.
[01/Oct/2022:01:22:35] (W): Failed to import product_visibility exclude-from-search
[01/Oct/2022:01:22:35] (E): Invalid taxonomy.
[01/Oct/2022:01:22:35] (W): Failed to import product_type external
[01/Oct/2022:01:22:35] (E): Invalid taxonomy.
[01/Oct/2022:01:22:35] (W): Failed to import product_visibility featured
[01/Oct/2022:01:22:35] (E): Invalid taxonomy.
[01/Oct/2022:01:22:35] (W): Failed to import pa_color Gray
[01/Oct/2022:01:22:35] (E): Invalid taxonomy.
[01/Oct/2022:01:22:35] (W): Failed to import pa_color Green
[01/Oct/2022:01:22:35] (E): Invalid taxonomy.
[01/Oct/2022:01:22:35] (W): Failed to import product_type grouped
[01/Oct/2022:01:22:35] (E): Invalid taxonomy.
[01/Oct/2022:01:22:35] (W): Failed to import product_cat Hoodies
[01/Oct/2022:01:22:35] (E): Invalid taxonomy.
[01/Oct/2022:01:22:35] (W): Failed to import product_tag hunting
[01/Oct/2022:01:22:35] (E): Invalid taxonomy.
[01/Oct/2022:01:22:35] (W): Failed to import pa_size Large
[01/Oct/2022:01:22:35] (E): Invalid taxonomy.
[01/Oct/2022:01:22:35] (W): Failed to import product_tag material
[01/Oct/2022:01:22:35] (E): Invalid taxonomy.
[01/Oct/2022:01:22:35] (W): Failed to import pa_size Medium
[01/Oct/2022:01:22:35] (E): Invalid taxonomy.
[01/Oct/2022:01:22:35] (W): Failed to import product_cat Music
[01/Oct/2022:01:22:35] (E): Invalid taxonomy.
[01/Oct/2022:01:22:35] (W): Failed to import product_visibility outofstock
[01/Oct/2022:01:22:35] (E): Invalid taxonomy.
[01/Oct/2022:01:22:35] (W): Failed to import product_tag preset
[01/Oct/2022:01:22:35] (E): Invalid taxonomy.
[01/Oct/2022:01:22:35] (W): Failed to import product_visibility rated-1
[01/Oct/2022:01:22:35] (E): Invalid taxonomy.
[01/Oct/2022:01:22:35] (W): Failed to import product_visibility rated-2
[01/Oct/2022:01:22:35] (E): Invalid taxonomy.
[01/Oct/2022:01:22:35] (W): Failed to import product_visibility rated-3
[01/Oct/2022:01:22:35] (E): Invalid taxonomy.
[01/Oct/2022:01:22:35] (W): Failed to import product_visibility rated-4
[01/Oct/2022:01:22:35] (E): Invalid taxonomy.
[01/Oct/2022:01:22:35] (W): Failed to import product_visibility rated-5
[01/Oct/2022:01:22:35] (E): Invalid taxonomy.
[01/Oct/2022:01:22:35] (W): Failed to import pa_color Red
[01/Oct/2022:01:22:35] (E): Invalid taxonomy.
[01/Oct/2022:01:22:35] (W): Failed to import product_type simple
[01/Oct/2022:01:22:35] (E): Invalid taxonomy.
[01/Oct/2022:01:22:35] (W): Failed to import pa_size Small
[01/Oct/2022:01:22:35] (E): Invalid taxonomy.
[01/Oct/2022:01:22:35] (W): Failed to import product_tag space
[01/Oct/2022:01:22:35] (E): Invalid taxonomy.
[01/Oct/2022:01:22:35] (W): Failed to import product_cat Tshirts
[01/Oct/2022:01:22:35] (E): Invalid taxonomy.
[01/Oct/2022:01:22:35] (W): Failed to import product_cat Uncategorized
[01/Oct/2022:01:22:35] (E): Invalid taxonomy.
[01/Oct/2022:01:22:35] (W): Failed to import product_type variable
[01/Oct/2022:01:22:35] (E): Invalid taxonomy.
[01/Oct/2022:01:22:35] (W): Failed to import pa_color Yellow
[01/Oct/2022:01:22:35] (E): Invalid taxonomy.
[01/Oct/2022:01:22:35] (W): Failed to import product_cat Accessories
[01/Oct/2022:01:22:35] (E): Invalid taxonomy.
[01/Oct/2022:01:22:35] (S): Processed terms.
[01/Oct/2022:01:22:35] (P): Processing posts...
[01/Oct/2022:01:22:35] (P): Processing attachment: https://s33834.pcdn.co/neve-3-gb/wp-content/uploads/sites/643/2021/02/logo.svg...
[01/Oct/2022:01:22:35] (P): Fetching attachment from url: https://s33834.pcdn.co/neve-3-gb/wp-content/uploads/sites/643/2021/02/logo.svg...
[01/Oct/2022:01:22:35] (E): {"errors":{"upload_dir_error":["Sorry, you are not allowed to upload this file type."]},"error_data":[]}
[01/Oct/2022:01:22:35] (E): Failed to import Media logo . Sorry, you are not allowed to upload this file type.
[01/Oct/2022:01:22:35] (P): Processing attachment: https://s33834.pcdn.co/neve-3-gb/wp-content/uploads/sites/643/2021/02/logo-neve.svg...
[01/Oct/2022:01:22:35] (P): Fetching attachment from url: https://s33834.pcdn.co/neve-3-gb/wp-content/uploads/sites/643/2021/02/logo-neve.svg...
[01/Oct/2022:01:22:35] (E): {"errors":{"upload_dir_error":["Sorry, you are not allowed to upload this file type."]},"error_data":[]}
[01/Oct/2022:01:22:35] (E): Failed to import Media logo-neve . Sorry, you are not allowed to upload this file type.
[01/Oct/2022:01:22:35] (P): Processing attachment: https://s33834.pcdn.co/neve-3-gb/wp-content/uploads/sites/643/2021/10/neve-demo-image-01.png...
[01/Oct/2022:01:22:35] (P): Fetching attachment from url: https://s33834.pcdn.co/neve-3-gb/wp-content/uploads/sites/643/2021/10/neve-demo-image-01.png...
[01/Oct/2022:01:22:35] (S): Fetched remote attachment.
[01/Oct/2022:01:22:35] (P): Inserting attachment...
[01/Oct/2022:01:22:35] (S): Attachment inserted
[01/Oct/2022:01:22:35] (S): Processed attachment.
[01/Oct/2022:01:22:35] (P): Processing attachment: https://s33834.pcdn.co/neve-3-gb/wp-content/uploads/sites/643/2021/10/neve-demo-image-02.png...
[01/Oct/2022:01:22:35] (P): Fetching attachment from url: https://s33834.pcdn.co/neve-3-gb/wp-content/uploads/sites/643/2021/10/neve-demo-image-02.png...
[01/Oct/2022:01:22:35] (S): Fetched remote attachment.
[01/Oct/2022:01:22:35] (P): Inserting attachment...
[01/Oct/2022:01:22:35] (S): Attachment inserted
[01/Oct/2022:01:22:35] (S): Processed attachment.
[01/Oct/2022:01:22:35] (P): Processing attachment: https://s33834.pcdn.co/neve-3-gb/wp-content/uploads/sites/643/2021/10/neve-demo-image-03.png...
[01/Oct/2022:01:22:35] (P): Fetching attachment from url: https://s33834.pcdn.co/neve-3-gb/wp-content/uploads/sites/643/2021/10/neve-demo-image-03.png...
[01/Oct/2022:01:22:35] (S): Fetched remote attachment.
[01/Oct/2022:01:22:35] (P): Inserting attachment...
[01/Oct/2022:01:22:35] (S): Attachment inserted
[01/Oct/2022:01:22:35] (S): Processed attachment.
[01/Oct/2022:01:22:35] (P): Processing attachment: https://s33834.pcdn.co/neve-3-gb/wp-content/uploads/sites/643/2021/10/neve-demo-image-04.png...
[01/Oct/2022:01:22:35] (P): Fetching attachment from url: https://s33834.pcdn.co/neve-3-gb/wp-content/uploads/sites/643/2021/10/neve-demo-image-04.png...
[01/Oct/2022:01:22:36] (S): Fetched remote attachment.
[01/Oct/2022:01:22:36] (P): Inserting attachment...
[01/Oct/2022:01:22:36] (S): Attachment inserted
[01/Oct/2022:01:22:36] (S): Processed attachment.
[01/Oct/2022:01:22:36] (P): Processing attachment: https://s33834.pcdn.co/neve-3-gb/wp-content/uploads/sites/643/2021/10/neve-demo-image-05.png...
[01/Oct/2022:01:22:36] (P): Fetching attachment from url: https://s33834.pcdn.co/neve-3-gb/wp-content/uploads/sites/643/2021/10/neve-demo-image-05.png...
[01/Oct/2022:01:22:36] (S): Fetched remote attachment.
[01/Oct/2022:01:22:36] (P): Inserting attachment...
[01/Oct/2022:01:22:36] (S): Attachment inserted
[01/Oct/2022:01:22:36] (S): Processed attachment.
[01/Oct/2022:01:22:36] (P): Processing attachment: https://s33834.pcdn.co/neve-3-gb/wp-content/uploads/sites/643/2021/10/neve-demo-image-06.png...
[01/Oct/2022:01:22:36] (P): Fetching attachment from url: https://s33834.pcdn.co/neve-3-gb/wp-content/uploads/sites/643/2021/10/neve-demo-image-06.png...
[01/Oct/2022:01:22:36] (S): Fetched remote attachment.
[01/Oct/2022:01:22:36] (P): Inserting attachment...
[01/Oct/2022:01:22:36] (S): Attachment inserted
[01/Oct/2022:01:22:36] (S): Processed attachment.
[01/Oct/2022:01:22:36] (P): Processing attachment: https://s33834.pcdn.co/neve-3-gb/wp-content/uploads/sites/643/2021/10/neve-demo-image-07.png...
[01/Oct/2022:01:22:36] (P): Fetching attachment from url: https://s33834.pcdn.co/neve-3-gb/wp-content/uploads/sites/643/2021/10/neve-demo-image-07.png...
[01/Oct/2022:01:22:36] (S): Fetched remote attachment.
[01/Oct/2022:01:22:36] (P): Inserting attachment...
[01/Oct/2022:01:22:36] (S): Attachment inserted
[01/Oct/2022:01:22:36] (S): Processed attachment.
[01/Oct/2022:01:22:36] (P): Processing attachment: https://s33834.pcdn.co/neve-3-gb/wp-content/uploads/sites/643/2021/10/neve-demo-image-08.png...
[01/Oct/2022:01:22:36] (P): Fetching attachment from url: https://s33834.pcdn.co/neve-3-gb/wp-content/uploads/sites/643/2021/10/neve-demo-image-08.png...
[01/Oct/2022:01:22:36] (S): Fetched remote attachment.
[01/Oct/2022:01:22:36] (P): Inserting attachment...
[01/Oct/2022:01:22:36] (S): Attachment inserted
[01/Oct/2022:01:22:36] (S): Processed attachment.
[01/Oct/2022:01:22:36] (P): Processing attachment: https://s33834.pcdn.co/neve-3-gb/wp-content/uploads/sites/643/2021/10/neve-demo-image-09.png...
[01/Oct/2022:01:22:36] (P): Fetching attachment from url: https://s33834.pcdn.co/neve-3-gb/wp-content/uploads/sites/643/2021/10/neve-demo-image-09.png...
[01/Oct/2022:01:22:37] (S): Fetched remote attachment.
[01/Oct/2022:01:22:37] (P): Inserting attachment...
[01/Oct/2022:01:22:37] (S): Attachment inserted
[01/Oct/2022:01:22:37] (S): Processed attachment.
[01/Oct/2022:01:22:37] (P): Processing attachment: https://s33834.pcdn.co/neve-3-gb/wp-content/uploads/sites/643/2021/10/neve-demo-image-10.png...
[01/Oct/2022:01:22:37] (P): Fetching attachment from url: https://s33834.pcdn.co/neve-3-gb/wp-content/uploads/sites/643/2021/10/neve-demo-image-10.png...
[01/Oct/2022:01:22:37] (S): Fetched remote attachment.
[01/Oct/2022:01:22:37] (P): Inserting attachment...
[01/Oct/2022:01:22:37] (S): Attachment inserted
[01/Oct/2022:01:22:37] (S): Processed attachment.
[01/Oct/2022:01:22:37] (P): Processing attachment: https://s33834.pcdn.co/neve-3-gb/wp-content/uploads/sites/643/2021/10/neve-demo-image-11.png...
[01/Oct/2022:01:22:37] (P): Fetching attachment from url: https://s33834.pcdn.co/neve-3-gb/wp-content/uploads/sites/643/2021/10/neve-demo-image-11.png...
[01/Oct/2022:01:22:37] (S): Fetched remote attachment.
[01/Oct/2022:01:22:37] (P): Inserting attachment...
[01/Oct/2022:01:22:37] (S): Attachment inserted
[01/Oct/2022:01:22:37] (S): Processed attachment.
[01/Oct/2022:01:22:37] (P): Processing attachment: https://s33834.pcdn.co/neve-3-gb/wp-content/uploads/sites/643/2021/10/neve-demo-image-12.png...
[01/Oct/2022:01:22:37] (P): Fetching attachment from url: https://s33834.pcdn.co/neve-3-gb/wp-content/uploads/sites/643/2021/10/neve-demo-image-12.png...
[01/Oct/2022:01:22:37] (S): Fetched remote attachment.
[01/Oct/2022:01:22:37] (P): Inserting attachment...
[01/Oct/2022:01:22:37] (S): Attachment inserted
[01/Oct/2022:01:22:37] (S): Processed attachment.
[01/Oct/2022:01:22:37] (P): Processing attachment: https://s33834.pcdn.co/neve-3-gb/wp-content/uploads/sites/643/2021/10/neve-demo-image-13.png...
[01/Oct/2022:01:22:37] (P): Fetching attachment from url: https://s33834.pcdn.co/neve-3-gb/wp-content/uploads/sites/643/2021/10/neve-demo-image-13.png...
[01/Oct/2022:01:22:37] (S): Fetched remote attachment.
[01/Oct/2022:01:22:37] (P): Inserting attachment...
[01/Oct/2022:01:22:37] (S): Attachment inserted
[01/Oct/2022:01:22:37] (S): Processed attachment.
[01/Oct/2022:01:22:37] (P): Processing attachment: https://s33834.pcdn.co/neve-3-gb/wp-content/uploads/sites/643/2021/10/neve-demo-image-14.png...
[01/Oct/2022:01:22:37] (P): Fetching attachment from url: https://s33834.pcdn.co/neve-3-gb/wp-content/uploads/sites/643/2021/10/neve-demo-image-14.png...
[01/Oct/2022:01:22:37] (S): Fetched remote attachment.
[01/Oct/2022:01:22:37] (P): Inserting attachment...
[01/Oct/2022:01:22:37] (S): Attachment inserted
[01/Oct/2022:01:22:37] (S): Processed attachment.
[01/Oct/2022:01:22:37] (P): Processing attachment: https://s33834.pcdn.co/neve-3-gb/wp-content/uploads/sites/643/2021/10/neve-demo-image-15.png...
[01/Oct/2022:01:22:37] (P): Fetching attachment from url: https://s33834.pcdn.co/neve-3-gb/wp-content/uploads/sites/643/2021/10/neve-demo-image-15.png...
[01/Oct/2022:01:22:38] (S): Fetched remote attachment.
[01/Oct/2022:01:22:38] (P): Inserting attachment...
[01/Oct/2022:01:22:38] (S): Attachment inserted
[01/Oct/2022:01:22:38] (S): Processed attachment.
[01/Oct/2022:01:22:38] (P): Processing attachment: https://s33834.pcdn.co/neve-3-gb/wp-content/uploads/sites/643/2021/10/neve-demo-image-16.png...
[01/Oct/2022:01:22:38] (P): Fetching attachment from url: https://s33834.pcdn.co/neve-3-gb/wp-content/uploads/sites/643/2021/10/neve-demo-image-16.png...
[01/Oct/2022:01:22:38] (S): Fetched remote attachment.
[01/Oct/2022:01:22:38] (P): Inserting attachment...
[01/Oct/2022:01:22:38] (S): Attachment inserted
[01/Oct/2022:01:22:38] (S): Processed attachment.
[01/Oct/2022:01:22:38] (P): Processing attachment: https://s33834.pcdn.co/neve-3-gb/wp-content/uploads/sites/643/2021/10/neve-demo-image-17.png...
[01/Oct/2022:01:22:38] (P): Fetching attachment from url: https://s33834.pcdn.co/neve-3-gb/wp-content/uploads/sites/643/2021/10/neve-demo-image-17.png...
[01/Oct/2022:01:22:38] (S): Fetched remote attachment.
[01/Oct/2022:01:22:38] (P): Inserting attachment...
[01/Oct/2022:01:22:38] (S): Attachment inserted
[01/Oct/2022:01:22:38] (S): Processed attachment.
[01/Oct/2022:01:22:38] (P): Processing attachment: https://s33834.pcdn.co/neve-3-gb/wp-content/uploads/sites/643/2021/10/neve-demo-image-18.png...
[01/Oct/2022:01:22:38] (P): Fetching attachment from url: https://s33834.pcdn.co/neve-3-gb/wp-content/uploads/sites/643/2021/10/neve-demo-image-18.png...
[01/Oct/2022:01:22:38] (S): Fetched remote attachment.
[01/Oct/2022:01:22:38] (P): Inserting attachment...
[01/Oct/2022:01:22:38] (S): Attachment inserted
[01/Oct/2022:01:22:38] (S): Processed attachment.
[01/Oct/2022:01:22:38] (P): Processing attachment: https://s33834.pcdn.co/neve-3-gb/wp-content/uploads/sites/643/2021/10/neve-demo-image-19.png...
[01/Oct/2022:01:22:38] (P): Fetching attachment from url: https://s33834.pcdn.co/neve-3-gb/wp-content/uploads/sites/643/2021/10/neve-demo-image-19.png...
[01/Oct/2022:01:22:38] (S): Fetched remote attachment.
[01/Oct/2022:01:22:38] (P): Inserting attachment...
[01/Oct/2022:01:22:38] (S): Attachment inserted
[01/Oct/2022:01:22:38] (S): Processed attachment.
[01/Oct/2022:01:22:38] (P): Processing attachment: https://s33834.pcdn.co/neve-3-gb/wp-content/uploads/sites/643/2021/10/neve-demo-image-20.png...
[01/Oct/2022:01:22:38] (P): Fetching attachment from url: https://s33834.pcdn.co/neve-3-gb/wp-content/uploads/sites/643/2021/10/neve-demo-image-20.png...
[01/Oct/2022:01:22:38] (S): Fetched remote attachment.
[01/Oct/2022:01:22:38] (P): Inserting attachment...
[01/Oct/2022:01:22:38] (S): Attachment inserted
[01/Oct/2022:01:22:38] (S): Processed attachment.
[01/Oct/2022:01:22:38] (P): Processing attachment: https://s33834.pcdn.co/neve-3-gb/wp-content/uploads/sites/643/2021/10/neve-demo-image-21.png...
[01/Oct/2022:01:22:38] (P): Fetching attachment from url: https://s33834.pcdn.co/neve-3-gb/wp-content/uploads/sites/643/2021/10/neve-demo-image-21.png...
[01/Oct/2022:01:22:39] (S): Fetched remote attachment.
[01/Oct/2022:01:22:39] (P): Inserting attachment...
[01/Oct/2022:01:22:39] (S): Attachment inserted
[01/Oct/2022:01:22:39] (S): Processed attachment.
[01/Oct/2022:01:22:39] (P): Processing attachment: https://s33834.pcdn.co/neve-3-gb/wp-content/uploads/sites/643/2021/10/neve-demo-image-22.png...
[01/Oct/2022:01:22:39] (P): Fetching attachment from url: https://s33834.pcdn.co/neve-3-gb/wp-content/uploads/sites/643/2021/10/neve-demo-image-22.png...
[01/Oct/2022:01:22:39] (S): Fetched remote attachment.
[01/Oct/2022:01:22:39] (P): Inserting attachment...
[01/Oct/2022:01:22:39] (S): Attachment inserted
[01/Oct/2022:01:22:39] (S): Processed attachment.
[01/Oct/2022:01:22:39] (P): Processing attachment: https://s33834.pcdn.co/neve-3-gb/wp-content/uploads/sites/643/2021/10/neve-demo-image-23.png...
[01/Oct/2022:01:22:39] (P): Fetching attachment from url: https://s33834.pcdn.co/neve-3-gb/wp-content/uploads/sites/643/2021/10/neve-demo-image-23.png...
[01/Oct/2022:01:22:39] (S): Fetched remote attachment.
[01/Oct/2022:01:22:39] (P): Inserting attachment...
[01/Oct/2022:01:22:39] (S): Attachment inserted
[01/Oct/2022:01:22:39] (S): Processed attachment.
[01/Oct/2022:01:22:39] (P): Processing attachment: https://s33834.pcdn.co/neve-3-gb/wp-content/uploads/sites/643/2021/10/neve-demo-image-24.png...
[01/Oct/2022:01:22:39] (P): Fetching attachment from url: https://s33834.pcdn.co/neve-3-gb/wp-content/uploads/sites/643/2021/10/neve-demo-image-24.png...
[01/Oct/2022:01:22:39] (S): Fetched remote attachment.
[01/Oct/2022:01:22:39] (P): Inserting attachment...
[01/Oct/2022:01:22:39] (S): Attachment inserted
[01/Oct/2022:01:22:39] (S): Processed attachment.
[01/Oct/2022:01:22:39] (P): Processing attachment: https://s33834.pcdn.co/neve-3-gb/wp-content/uploads/sites/643/2021/10/neve-demo-image-25.png...
[01/Oct/2022:01:22:39] (P): Fetching attachment from url: https://s33834.pcdn.co/neve-3-gb/wp-content/uploads/sites/643/2021/10/neve-demo-image-25.png...
[01/Oct/2022:01:22:39] (S): Fetched remote attachment.
[01/Oct/2022:01:22:39] (P): Inserting attachment...
[01/Oct/2022:01:22:39] (S): Attachment inserted
[01/Oct/2022:01:22:39] (S): Processed attachment.
[01/Oct/2022:01:22:39] (P): Processing attachment: https://s33834.pcdn.co/neve-3-gb/wp-content/uploads/sites/643/2021/10/neve-demo-image-26.png...
[01/Oct/2022:01:22:39] (P): Fetching attachment from url: https://s33834.pcdn.co/neve-3-gb/wp-content/uploads/sites/643/2021/10/neve-demo-image-26.png...
[01/Oct/2022:01:22:39] (S): Fetched remote attachment.
[01/Oct/2022:01:22:39] (P): Inserting attachment...
[01/Oct/2022:01:22:39] (S): Attachment inserted
[01/Oct/2022:01:22:39] (S): Processed attachment.
[01/Oct/2022:01:22:39] (P): Processing attachment: https://s33834.pcdn.co/neve-3-gb/wp-content/uploads/sites/643/2021/10/neve-demo-image-27.png...
[01/Oct/2022:01:22:39] (P): Fetching attachment from url: https://s33834.pcdn.co/neve-3-gb/wp-content/uploads/sites/643/2021/10/neve-demo-image-27.png...
[01/Oct/2022:01:22:40] (S): Fetched remote attachment.
[01/Oct/2022:01:22:40] (P): Inserting attachment...
[01/Oct/2022:01:22:40] (S): Attachment inserted
[01/Oct/2022:01:22:40] (S): Processed attachment.
[01/Oct/2022:01:22:40] (P): Processing attachment: https://s33834.pcdn.co/neve-3-gb/wp-content/uploads/sites/643/2021/10/neve-alt-03.png...
[01/Oct/2022:01:22:40] (P): Fetching attachment from url: https://s33834.pcdn.co/neve-3-gb/wp-content/uploads/sites/643/2021/10/neve-alt-03.png...
[01/Oct/2022:01:22:40] (S): Fetched remote attachment.
[01/Oct/2022:01:22:40] (P): Inserting attachment...
[01/Oct/2022:01:22:40] (S): Attachment inserted
[01/Oct/2022:01:22:40] (S): Processed attachment.
[01/Oct/2022:01:22:40] (P): Processing attachment: https://s33834.pcdn.co/neve-3-gb/wp-content/uploads/sites/643/2021/10/neve-alt-02.png...
[01/Oct/2022:01:22:40] (P): Fetching attachment from url: https://s33834.pcdn.co/neve-3-gb/wp-content/uploads/sites/643/2021/10/neve-alt-02.png...
[01/Oct/2022:01:22:40] (S): Fetched remote attachment.
[01/Oct/2022:01:22:40] (P): Inserting attachment...
[01/Oct/2022:01:22:40] (S): Attachment inserted
[01/Oct/2022:01:22:40] (S): Processed attachment.
[01/Oct/2022:01:22:40] (P): Processing attachment: https://s33834.pcdn.co/neve-3-gb/wp-content/uploads/sites/643/2021/10/neve-alt-01.png...
[01/Oct/2022:01:22:40] (P): Fetching attachment from url: https://s33834.pcdn.co/neve-3-gb/wp-content/uploads/sites/643/2021/10/neve-alt-01.png...
[01/Oct/2022:01:22:40] (S): Fetched remote attachment.
[01/Oct/2022:01:22:40] (P): Inserting attachment...
[01/Oct/2022:01:22:40] (S): Attachment inserted
[01/Oct/2022:01:22:40] (S): Processed attachment.
[01/Oct/2022:01:22:40] (P): Processing attachment: https://s33834.pcdn.co/neve-3-gb/wp-content/uploads/sites/643/2021/10/neve-demo-image-29.png...
[01/Oct/2022:01:22:40] (P): Fetching attachment from url: https://s33834.pcdn.co/neve-3-gb/wp-content/uploads/sites/643/2021/10/neve-demo-image-29.png...
[01/Oct/2022:01:22:40] (S): Fetched remote attachment.
[01/Oct/2022:01:22:40] (P): Inserting attachment...
[01/Oct/2022:01:22:40] (S): Attachment inserted
[01/Oct/2022:01:22:40] (S): Processed attachment.
[01/Oct/2022:01:22:40] (P): Processing attachment: https://s33834.pcdn.co/neve-3-gb/wp-content/uploads/sites/643/2021/10/neve-demo-image-30.png...
[01/Oct/2022:01:22:40] (P): Fetching attachment from url: https://s33834.pcdn.co/neve-3-gb/wp-content/uploads/sites/643/2021/10/neve-demo-image-30.png...
[01/Oct/2022:01:22:40] (S): Fetched remote attachment.
[01/Oct/2022:01:22:40] (P): Inserting attachment...
[01/Oct/2022:01:22:40] (S): Attachment inserted
[01/Oct/2022:01:22:40] (S): Processed attachment.
[01/Oct/2022:01:22:40] (P): Processing attachment: https://s33834.pcdn.co/neve-3-gb/wp-content/uploads/sites/643/2021/10/neve-demo-image-31.png...
[01/Oct/2022:01:22:40] (P): Fetching attachment from url: https://s33834.pcdn.co/neve-3-gb/wp-content/uploads/sites/643/2021/10/neve-demo-image-31.png...
[01/Oct/2022:01:22:41] (S): Fetched remote attachment.
[01/Oct/2022:01:22:41] (P): Inserting attachment...
[01/Oct/2022:01:22:41] (S): Attachment inserted
[01/Oct/2022:01:22:41] (S): Processed attachment.
[01/Oct/2022:01:22:41] (P): Processing attachment: https://s33834.pcdn.co/neve-3-gb/wp-content/uploads/sites/643/2021/10/neve-demo-image-32.png...
[01/Oct/2022:01:22:41] (P): Fetching attachment from url: https://s33834.pcdn.co/neve-3-gb/wp-content/uploads/sites/643/2021/10/neve-demo-image-32.png...
[01/Oct/2022:01:22:41] (S): Fetched remote attachment.
[01/Oct/2022:01:22:41] (P): Inserting attachment...
[01/Oct/2022:01:22:41] (S): Attachment inserted
[01/Oct/2022:01:22:41] (S): Processed attachment.
[01/Oct/2022:01:22:41] (P): Processing attachment: https://s33834.pcdn.co/neve-3-gb/wp-content/uploads/sites/643/2021/10/neve-demo-image-33.png...
[01/Oct/2022:01:22:41] (P): Fetching attachment from url: https://s33834.pcdn.co/neve-3-gb/wp-content/uploads/sites/643/2021/10/neve-demo-image-33.png...
[01/Oct/2022:01:22:41] (S): Fetched remote attachment.
[01/Oct/2022:01:22:41] (P): Inserting attachment...
[01/Oct/2022:01:22:41] (S): Attachment inserted
[01/Oct/2022:01:22:41] (S): Processed attachment.
[01/Oct/2022:01:22:41] (P): Processing attachment: https://s33834.pcdn.co/neve-3-gb/wp-content/uploads/sites/643/2021/10/neve-demo-image-28.png...
[01/Oct/2022:01:22:41] (P): Fetching attachment from url: https://s33834.pcdn.co/neve-3-gb/wp-content/uploads/sites/643/2021/10/neve-demo-image-28.png...
[01/Oct/2022:01:22:41] (S): Fetched remote attachment.
[01/Oct/2022:01:22:41] (P): Inserting attachment...
[01/Oct/2022:01:22:41] (S): Attachment inserted
[01/Oct/2022:01:22:41] (S): Processed attachment.
[01/Oct/2022:01:22:41] (P): Processing attachment: https://s33834.pcdn.co/neve-3-gb/wp-content/uploads/sites/643/2021/10/map-2.png...
[01/Oct/2022:01:22:41] (P): Fetching attachment from url: https://s33834.pcdn.co/neve-3-gb/wp-content/uploads/sites/643/2021/10/map-2.png...
[01/Oct/2022:01:22:41] (S): Fetched remote attachment.
[01/Oct/2022:01:22:41] (P): Inserting attachment...
[01/Oct/2022:01:22:41] (S): Attachment inserted
[01/Oct/2022:01:22:41] (S): Processed attachment.
[01/Oct/2022:01:22:41] (P): Processing attachment: https://s33834.pcdn.co/neve-3-gb/wp-content/uploads/sites/643/2021/10/neve-demo-image-34.png...
[01/Oct/2022:01:22:41] (P): Fetching attachment from url: https://s33834.pcdn.co/neve-3-gb/wp-content/uploads/sites/643/2021/10/neve-demo-image-34.png...
[01/Oct/2022:01:22:42] (S): Fetched remote attachment.
[01/Oct/2022:01:22:42] (P): Inserting attachment...
[01/Oct/2022:01:22:42] (S): Attachment inserted
[01/Oct/2022:01:22:42] (S): Processed attachment.
[01/Oct/2022:01:22:42] (P): Processing single menu item ' Home '...
[01/Oct/2022:01:22:42] (S): Processed single menu item.
[01/Oct/2022:01:22:42] (P): Processing single menu item ' '...
[01/Oct/2022:01:22:42] (P): Processing single menu item ' Blog '...
[01/Oct/2022:01:22:42] (P): Inserting custom_css: neve .
[01/Oct/2022:01:22:42] (S): Done inserting custom_css: neve .
[01/Oct/2022:01:22:42] (P): Processing single menu item ' '...
[01/Oct/2022:01:22:42] (P): Processing single menu item ' '...
[01/Oct/2022:01:22:42] (P): Processing single menu item ' '...
[01/Oct/2022:01:22:42] (P): Processing attachment: https://s33834.pcdn.co/neve-3-gb/wp-content/uploads/sites/643/2021/10/neve-demo-image-35.png...
[01/Oct/2022:01:22:42] (P): Fetching attachment from url: https://s33834.pcdn.co/neve-3-gb/wp-content/uploads/sites/643/2021/10/neve-demo-image-35.png...
[01/Oct/2022:01:22:42] (S): Fetched remote attachment.
[01/Oct/2022:01:22:42] (P): Inserting attachment...
[01/Oct/2022:01:22:42] (S): Attachment inserted
[01/Oct/2022:01:22:42] (S): Processed attachment.
[01/Oct/2022:01:22:42] (P): Processing attachment: https://s33834.pcdn.co/neve-3-gb/wp-content/uploads/sites/643/2021/10/neve-demo-image-36.png...
[01/Oct/2022:01:22:42] (P): Fetching attachment from url: https://s33834.pcdn.co/neve-3-gb/wp-content/uploads/sites/643/2021/10/neve-demo-image-36.png...
[01/Oct/2022:01:22:42] (S): Fetched remote attachment.
[01/Oct/2022:01:22:42] (P): Inserting attachment...
[01/Oct/2022:01:22:42] (S): Attachment inserted
[01/Oct/2022:01:22:42] (S): Processed attachment.
[01/Oct/2022:01:22:42] (P): Processing attachment: https://s33834.pcdn.co/neve-3-gb/wp-content/uploads/sites/643/2021/10/neve-demo-image-37.png...
[01/Oct/2022:01:22:42] (P): Fetching attachment from url: https://s33834.pcdn.co/neve-3-gb/wp-content/uploads/sites/643/2021/10/neve-demo-image-37.png...
[01/Oct/2022:01:22:42] (S): Fetched remote attachment.
[01/Oct/2022:01:22:42] (P): Inserting attachment...
[01/Oct/2022:01:22:42] (S): Attachment inserted
[01/Oct/2022:01:22:42] (S): Processed attachment.
[01/Oct/2022:01:22:42] (P): Processing attachment: https://s33834.pcdn.co/neve-3-gb/wp-content/uploads/sites/643/2021/10/neve-demo-image-38.png...
[01/Oct/2022:01:22:42] (P): Fetching attachment from url: https://s33834.pcdn.co/neve-3-gb/wp-content/uploads/sites/643/2021/10/neve-demo-image-38.png...
[01/Oct/2022:01:22:42] (S): Fetched remote attachment.
[01/Oct/2022:01:22:42] (P): Inserting attachment...
[01/Oct/2022:01:22:42] (S): Attachment inserted
[01/Oct/2022:01:22:42] (S): Processed attachment.
[01/Oct/2022:01:22:42] (P): Processing attachment: https://s33834.pcdn.co/neve-3-gb/wp-content/uploads/sites/643/2021/10/neve-demo-image-39.png...
[01/Oct/2022:01:22:42] (P): Fetching attachment from url: https://s33834.pcdn.co/neve-3-gb/wp-content/uploads/sites/643/2021/10/neve-demo-image-39.png...
[01/Oct/2022:01:22:42] (S): Fetched remote attachment.
[01/Oct/2022:01:22:42] (P): Inserting attachment...
[01/Oct/2022:01:22:42] (S): Attachment inserted
[01/Oct/2022:01:22:42] (S): Processed attachment.
[01/Oct/2022:01:22:42] (P): Processing attachment: https://s33834.pcdn.co/neve-3-gb/wp-content/uploads/sites/643/2021/10/title-1.png...
[01/Oct/2022:01:22:42] (P): Fetching attachment from url: https://s33834.pcdn.co/neve-3-gb/wp-content/uploads/sites/643/2021/10/title-1.png...
[01/Oct/2022:01:22:43] (S): Fetched remote attachment.
[01/Oct/2022:01:22:43] (P): Inserting attachment...
[01/Oct/2022:01:22:43] (S): Attachment inserted
[01/Oct/2022:01:22:43] (S): Processed attachment.
[01/Oct/2022:01:22:43] (P): Processing attachment: https://s33834.pcdn.co/neve-3-gb/wp-content/uploads/sites/643/2021/10/title-5.png...
[01/Oct/2022:01:22:43] (P): Fetching attachment from url: https://s33834.pcdn.co/neve-3-gb/wp-content/uploads/sites/643/2021/10/title-5.png...
[01/Oct/2022:01:22:43] (S): Fetched remote attachment.
[01/Oct/2022:01:22:43] (P): Inserting attachment...
[01/Oct/2022:01:22:43] (S): Attachment inserted
[01/Oct/2022:01:22:43] (S): Processed attachment.
[01/Oct/2022:01:22:43] (P): Processing attachment: https://s33834.pcdn.co/neve-3-gb/wp-content/uploads/sites/643/2021/10/title-6.png...
[01/Oct/2022:01:22:43] (P): Fetching attachment from url: https://s33834.pcdn.co/neve-3-gb/wp-content/uploads/sites/643/2021/10/title-6.png...
[01/Oct/2022:01:22:43] (S): Fetched remote attachment.
[01/Oct/2022:01:22:43] (P): Inserting attachment...
[01/Oct/2022:01:22:43] (S): Attachment inserted
[01/Oct/2022:01:22:43] (S): Processed attachment.
[01/Oct/2022:01:22:43] (P): Processing attachment: https://s33834.pcdn.co/neve-3-gb/wp-content/uploads/sites/643/2021/10/title-7.png...
[01/Oct/2022:01:22:43] (P): Fetching attachment from url: https://s33834.pcdn.co/neve-3-gb/wp-content/uploads/sites/643/2021/10/title-7.png...
[01/Oct/2022:01:22:43] (S): Fetched remote attachment.
[01/Oct/2022:01:22:43] (P): Inserting attachment...
[01/Oct/2022:01:22:43] (S): Attachment inserted
[01/Oct/2022:01:22:43] (S): Processed attachment.
[01/Oct/2022:01:22:43] (P): Processing single menu item ' '...
[01/Oct/2022:01:22:43] (P): Processing single menu item ' Blog '...
[01/Oct/2022:01:22:43] (P): Processing single menu item ' '...
[01/Oct/2022:01:22:43] (P): Processing single menu item ' '...
[01/Oct/2022:01:22:43] (P): Inserting post: Efficiency in design systems. 5 tips for better design governance .
[01/Oct/2022:01:22:43] (S): Done inserting post: Efficiency in design systems. 5 tips for better design governance .
[01/Oct/2022:01:22:43] (P): Inserting page: Typography .
[01/Oct/2022:01:22:43] (S): Done inserting page: Typography .
[01/Oct/2022:01:22:43] (P): Inserting page: Blog Archive .
[01/Oct/2022:01:22:43] (S): Done inserting page: Blog Archive .
[01/Oct/2022:01:22:43] (P): Inserting page: Homepage .
[01/Oct/2022:01:22:43] (S): Done inserting page: Homepage .
[01/Oct/2022:01:22:43] (P): Inserting post: Taking the stress out of the development process .
[01/Oct/2022:01:22:43] (S): Done inserting post: Taking the stress out of the development process .
[01/Oct/2022:01:22:43] (P): Inserting post: Cracking the interface code .
[01/Oct/2022:01:22:43] (S): Done inserting post: Cracking the interface code .
[01/Oct/2022:01:22:43] (P): Inserting post: Daily design algorithms for a better workflow .
[01/Oct/2022:01:22:43] (S): Done inserting post: Daily design algorithms for a better workflow .
[01/Oct/2022:01:22:43] (P): Inserting page: Patterns .
[01/Oct/2022:01:22:43] (S): Done inserting page: Patterns .
[01/Oct/2022:01:22:43] (P): Inserting post: Layout perspectives in Gutenberg. Keeping it simple .
[01/Oct/2022:01:22:43] (S): Done inserting post: Layout perspectives in Gutenberg. Keeping it simple .
[01/Oct/2022:01:22:43] (P): Inserting post: Global design components in modern web layouts .
[01/Oct/2022:01:22:43] (S): Done inserting post: Global design components in modern web layouts .
[01/Oct/2022:01:22:43] (P): Inserting page: Galleries .
[01/Oct/2022:01:22:43] (S): Done inserting page: Galleries .
[01/Oct/2022:01:22:44] (P): Inserting page: About .
[01/Oct/2022:01:22:44] (S): Done inserting page: About .
[01/Oct/2022:01:22:44] (P): Inserting page: Contact .
[01/Oct/2022:01:22:44] (S): Done inserting page: Contact .
[01/Oct/2022:01:22:44] (P): Processing single menu item ' '...
[01/Oct/2022:01:22:44] (S): Processed single menu item.
[01/Oct/2022:01:22:44] (P): Inserting page: Home Alt .
[01/Oct/2022:01:22:44] (S): Done inserting page: Home Alt .
[01/Oct/2022:01:22:44] (P): Processing single menu item ' '...
[01/Oct/2022:01:22:44] (S): Processed single menu item.
[01/Oct/2022:01:22:44] (S): Processed posts.
[01/Oct/2022:01:22:44] (P): Processing single menu item ' '...
[01/Oct/2022:01:22:44] (S): Processed single menu item.
[01/Oct/2022:01:22:44] (P): Processing single menu item ' Blog '...
[01/Oct/2022:01:22:44] (S): Processed single menu item.
[01/Oct/2022:01:22:44] (P): Processing single menu item ' '...
[01/Oct/2022:01:22:44] (S): Processed single menu item.
[01/Oct/2022:01:22:44] (P): Processing single menu item ' '...
[01/Oct/2022:01:22:44] (S): Processed single menu item.
[01/Oct/2022:01:22:44] (P): Processing single menu item ' '...
[01/Oct/2022:01:22:44] (S): Processed single menu item.
[01/Oct/2022:01:22:44] (P): Processing single menu item ' '...
[01/Oct/2022:01:22:44] (S): Processed single menu item.
[01/Oct/2022:01:22:44] (P): Processing single menu item ' Blog '...
[01/Oct/2022:01:22:44] (S): Processed single menu item.
[01/Oct/2022:01:22:44] (P): Processing single menu item ' '...
[01/Oct/2022:01:22:44] (S): Processed single menu item.
[01/Oct/2022:01:22:44] (P): Processing single menu item ' '...
[01/Oct/2022:01:22:44] (S): Processed single menu item.
[01/Oct/2022:01:22:44] (P): Cleaning up import with id ...
[01/Oct/2022:01:22:44] (P): Done cleanup. Flushing cache...
[01/Oct/2022:01:22:44] (P): Flushed cache. Removing temporary data..
[01/Oct/2022:01:22:44] (S): Done importing
[01/Oct/2022:01:22:44] (P): Busting elementor cache
[01/Oct/2022:01:22:44] (P): Busting woo cache
[01/Oct/2022:01:22:44] (S): Front page set up with id: 46.
